[2020-05-25 02:50:45.638] [exthost] [info] extension host started
[2020-05-25 02:50:45.712] [exthost] [info] ExtensionService#_doActivateExtension vscode.typescript-language-features {"startup":false,"extensionId":{"value":"vscode.typescript-language-features","_lower":"vscode.typescript-language-features"},"activationEvent":"onLanguage:javascript"}
[2020-05-25 02:50:45.712] [exthost] [info] ExtensionService#loadCommonJSModule file:///snap/code/33/usr/share/code/resources/app/extensions/typescript-language-features/dist/extension
[2020-05-25 02:50:45.770] [exthost] [info] ExtensionService#_doActivateExtension vscode.debug-auto-launch {"startup":true,"extensionId":{"value":"vscode.debug-auto-launch","_lower":"vscode.debug-auto-launch"},"activationEvent":"*"}
[2020-05-25 02:50:45.770] [exthost] [info] ExtensionService#loadCommonJSModule file:///snap/code/33/usr/share/code/resources/app/extensions/debug-auto-launch/dist/extension
[2020-05-25 02:50:45.783] [exthost] [info] ExtensionService#_doActivateExtension vscode.emmet {"startup":true,"extensionId":{"value":"vscode.emmet","_lower":"vscode.emmet"},"activationEvent":"*"}
[2020-05-25 02:50:45.783] [exthost] [info] ExtensionService#loadCommonJSModule file:///snap/code/33/usr/share/code/resources/app/extensions/emmet/dist/extension
[2020-05-25 02:50:45.855] [exthost] [info] ExtensionService#_doActivateExtension vscode.git {"startup":true,"extensionId":{"value":"vscode.git","_lower":"vscode.git"},"activationEvent":"*"}
[2020-05-25 02:50:45.855] [exthost] [info] ExtensionService#loadCommonJSModule file:///snap/code/33/usr/share/code/resources/app/extensions/git/dist/main
[2020-05-25 02:50:45.895] [exthost] [info] ExtensionService#_doActivateExtension vscode.github-authentication {"startup":true,"extensionId":{"value":"vscode.github-authentication","_lower":"vscode.github-authentication"},"activationEvent":"*"}
[2020-05-25 02:50:45.895] [exthost] [info] ExtensionService#loadCommonJSModule file:///snap/code/33/usr/share/code/resources/app/extensions/github-authentication/dist/extension.js
[2020-05-25 02:50:45.915] [exthost] [info] ExtensionService#_doActivateExtension vscode.merge-conflict {"startup":true,"extensionId":{"value":"vscode.merge-conflict","_lower":"vscode.merge-conflict"},"activationEvent":"*"}
[2020-05-25 02:50:45.915] [exthost] [info] ExtensionService#loadCommonJSModule file:///snap/code/33/usr/share/code/resources/app/extensions/merge-conflict/dist/extension
[2020-05-25 02:50:45.922] [exthost] [info] ExtensionService#_doActivateExtension vscode.search-result {"startup":true,"extensionId":{"value":"vscode.search-result","_lower":"vscode.search-result"},"activationEvent":"*"}
[2020-05-25 02:50:45.922] [exthost] [info] ExtensionService#loadCommonJSModule file:///snap/code/33/usr/share/code/resources/app/extensions/search-result/dist/extension.js
[2020-05-25 02:50:45.926] [exthost] [info] ExtensionService#_doActivateExtension vscode.vscode-account {"startup":true,"extensionId":{"value":"vscode.vscode-account","_lower":"vscode.vscode-account"},"activationEvent":"*"}
[2020-05-25 02:50:45.926] [exthost] [info] ExtensionService#loadCommonJSModule file:///snap/code/33/usr/share/code/resources/app/extensions/vscode-account/dist/extension.js
[2020-05-25 02:50:45.942] [exthost] [info] ExtensionService#_doActivateExtension bajdzis.vscode-twig-pack {"startup":true,"extensionId":{"value":"bajdzis.vscode-twig-pack","_lower":"bajdzis.vscode-twig-pack"},"activationEvent":"*"}
[2020-05-25 02:50:45.942] [exthost] [info] ExtensionService#loadCommonJSModule file:///home/garfi/.vscode/extensions/bajdzis.vscode-twig-pack-1.1.0/extension
[2020-05-25 02:50:45.949] [exthost] [info] ExtensionService#_doActivateExtension Equinusocio.vsc-material-theme {"startup":true,"extensionId":{"value":"Equinusocio.vsc-material-theme","_lower":"equinusocio.vsc-material-theme"},"activationEvent":"*"}
[2020-05-25 02:50:45.949] [exthost] [info] ExtensionService#loadCommonJSModule file:///home/garfi/.vscode/extensions/equinusocio.vsc-material-theme-32.6.0/build/material.theme.config
[2020-05-25 02:50:45.977] [exthost] [info] ExtensionService#_doActivateExtension equinusocio.vsc-material-theme-icons {"startup":true,"extensionId":{"value":"equinusocio.vsc-material-theme-icons","_lower":"equinusocio.vsc-material-theme-icons"},"activationEvent":"*"}
[2020-05-25 02:50:45.978] [exthost] [info] ExtensionService#loadCommonJSModule file:///home/garfi/.vscode/extensions/equinusocio.vsc-material-theme-icons-1.1.4/out/src/extension
[2020-05-25 02:50:46.016] [exthost] [info] ExtensionService#_doActivateExtension mblode.twig-language {"startup":true,"extensionId":{"value":"mblode.twig-language","_lower":"mblode.twig-language"},"activationEvent":"*"}
[2020-05-25 02:50:46.016] [exthost] [info] ExtensionService#loadCommonJSModule file:///home/garfi/.vscode/extensions/mblode.twig-language-0.9.1/extension/index
[2020-05-25 02:50:46.056] [exthost] [info] ExtensionService#_doActivateExtension monokai.theme-monokai-pro-vscode {"startup":true,"extensionId":{"value":"monokai.theme-monokai-pro-vscode","_lower":"monokai.theme-monokai-pro-vscode"},"activationEvent":"*"}
[2020-05-25 02:50:46.057] [exthost] [info] ExtensionService#loadCommonJSModule file:///home/garfi/.vscode/extensions/monokai.theme-monokai-pro-vscode-1.1.15/js/main
[2020-05-25 02:50:46.247] [exthost] [info] ExtensionService#_doActivateExtension vscode.npm {"startup":true,"extensionId":{"value":"vscode.npm","_lower":"vscode.npm"},"activationEvent":"workspaceContains:package.json"}
[2020-05-25 02:50:46.247] [exthost] [info] ExtensionService#loadCommonJSModule file:///snap/code/33/usr/share/code/resources/app/extensions/npm/dist/main
[2020-05-25 02:50:46.515] [exthost] [info] eager extensions activated
[2020-05-26 18:29:49.599] [exthost] [info] ExtensionService#_doActivateExtension vscode.extension-editing {"startup":false,"extensionId":{"value":"vscode.extension-editing","_lower":"vscode.extension-editing"},"activationEvent":"onLanguage:typescript"}
[2020-05-26 18:29:49.599] [exthost] [info] ExtensionService#loadCommonJSModule file:///snap/code/33/usr/share/code/resources/app/extensions/extension-editing/dist/extension
[2020-05-26 23:09:49.369] [exthost] [info] ExtensionService#_doActivateExtension foxundermoon.shell-format {"startup":false,"extensionId":{"value":"foxundermoon.shell-format","_lower":"foxundermoon.shell-format"},"activationEvent":"onLanguage:dotenv"}
[2020-05-26 23:09:49.369] [exthost] [info] ExtensionService#loadCommonJSModule file:///home/garfi/.vscode/extensions/foxundermoon.shell-format-7.0.1/dist/extension
