[2020-05-29 02:27:58.221] [exthost] [info] extension host started
[2020-05-29 02:27:58.291] [exthost] [info] ExtensionService#_doActivateExtension vscode.debug-auto-launch {"startup":true,"extensionId":{"value":"vscode.debug-auto-launch","_lower":"vscode.debug-auto-launch"},"activationEvent":"*"}
[2020-05-29 02:27:58.291] [exthost] [info] ExtensionService#loadCommonJSModule file:///snap/code/33/usr/share/code/resources/app/extensions/debug-auto-launch/dist/extension
[2020-05-29 02:27:58.294] [exthost] [info] ExtensionService#_doActivateExtension vscode.emmet {"startup":true,"extensionId":{"value":"vscode.emmet","_lower":"vscode.emmet"},"activationEvent":"*"}
[2020-05-29 02:27:58.294] [exthost] [info] ExtensionService#loadCommonJSModule file:///snap/code/33/usr/share/code/resources/app/extensions/emmet/dist/extension
[2020-05-29 02:27:58.305] [exthost] [info] ExtensionService#_doActivateExtension vscode.git {"startup":true,"extensionId":{"value":"vscode.git","_lower":"vscode.git"},"activationEvent":"*"}
[2020-05-29 02:27:58.305] [exthost] [info] ExtensionService#loadCommonJSModule file:///snap/code/33/usr/share/code/resources/app/extensions/git/dist/main
[2020-05-29 02:27:58.319] [exthost] [info] ExtensionService#_doActivateExtension vscode.github-authentication {"startup":true,"extensionId":{"value":"vscode.github-authentication","_lower":"vscode.github-authentication"},"activationEvent":"*"}
[2020-05-29 02:27:58.319] [exthost] [info] ExtensionService#loadCommonJSModule file:///snap/code/33/usr/share/code/resources/app/extensions/github-authentication/dist/extension.js
[2020-05-29 02:27:58.323] [exthost] [info] ExtensionService#_doActivateExtension vscode.merge-conflict {"startup":true,"extensionId":{"value":"vscode.merge-conflict","_lower":"vscode.merge-conflict"},"activationEvent":"*"}
[2020-05-29 02:27:58.323] [exthost] [info] ExtensionService#loadCommonJSModule file:///snap/code/33/usr/share/code/resources/app/extensions/merge-conflict/dist/extension
[2020-05-29 02:27:58.325] [exthost] [info] ExtensionService#_doActivateExtension vscode.search-result {"startup":true,"extensionId":{"value":"vscode.search-result","_lower":"vscode.search-result"},"activationEvent":"*"}
[2020-05-29 02:27:58.325] [exthost] [info] ExtensionService#loadCommonJSModule file:///snap/code/33/usr/share/code/resources/app/extensions/search-result/dist/extension.js
[2020-05-29 02:27:58.326] [exthost] [info] ExtensionService#_doActivateExtension vscode.vscode-account {"startup":true,"extensionId":{"value":"vscode.vscode-account","_lower":"vscode.vscode-account"},"activationEvent":"*"}
[2020-05-29 02:27:58.326] [exthost] [info] ExtensionService#loadCommonJSModule file:///snap/code/33/usr/share/code/resources/app/extensions/vscode-account/dist/extension.js
[2020-05-29 02:27:58.329] [exthost] [info] ExtensionService#_doActivateExtension bajdzis.vscode-twig-pack {"startup":true,"extensionId":{"value":"bajdzis.vscode-twig-pack","_lower":"bajdzis.vscode-twig-pack"},"activationEvent":"*"}
[2020-05-29 02:27:58.329] [exthost] [info] ExtensionService#loadCommonJSModule file:///home/garfi/.vscode/extensions/bajdzis.vscode-twig-pack-1.1.0/extension
[2020-05-29 02:27:58.331] [exthost] [info] ExtensionService#_doActivateExtension Equinusocio.vsc-material-theme {"startup":true,"extensionId":{"value":"Equinusocio.vsc-material-theme","_lower":"equinusocio.vsc-material-theme"},"activationEvent":"*"}
[2020-05-29 02:27:58.331] [exthost] [info] ExtensionService#loadCommonJSModule file:///home/garfi/.vscode/extensions/equinusocio.vsc-material-theme-32.6.0/build/material.theme.config
[2020-05-29 02:27:58.336] [exthost] [info] ExtensionService#_doActivateExtension equinusocio.vsc-material-theme-icons {"startup":true,"extensionId":{"value":"equinusocio.vsc-material-theme-icons","_lower":"equinusocio.vsc-material-theme-icons"},"activationEvent":"*"}
[2020-05-29 02:27:58.336] [exthost] [info] ExtensionService#loadCommonJSModule file:///home/garfi/.vscode/extensions/equinusocio.vsc-material-theme-icons-1.1.4/out/src/extension
[2020-05-29 02:27:58.342] [exthost] [info] ExtensionService#_doActivateExtension mblode.twig-language {"startup":true,"extensionId":{"value":"mblode.twig-language","_lower":"mblode.twig-language"},"activationEvent":"*"}
[2020-05-29 02:27:58.342] [exthost] [info] ExtensionService#loadCommonJSModule file:///home/garfi/.vscode/extensions/mblode.twig-language-0.9.1/extension/index
[2020-05-29 02:27:58.348] [exthost] [info] ExtensionService#_doActivateExtension monokai.theme-monokai-pro-vscode {"startup":true,"extensionId":{"value":"monokai.theme-monokai-pro-vscode","_lower":"monokai.theme-monokai-pro-vscode"},"activationEvent":"*"}
[2020-05-29 02:27:58.348] [exthost] [info] ExtensionService#loadCommonJSModule file:///home/garfi/.vscode/extensions/monokai.theme-monokai-pro-vscode-1.1.15/js/main
[2020-05-29 02:27:58.351] [exthost] [info] ExtensionService#_doActivateExtension vscode.npm {"startup":true,"extensionId":{"value":"vscode.npm","_lower":"vscode.npm"},"activationEvent":"workspaceContains:package.json"}
[2020-05-29 02:27:58.351] [exthost] [info] ExtensionService#loadCommonJSModule file:///snap/code/33/usr/share/code/resources/app/extensions/npm/dist/main
[2020-05-29 02:27:58.405] [exthost] [info] eager extensions activated
[2020-05-29 02:28:03.407] [exthost] [info] ExtensionService#_doActivateExtension vscode.extension-editing {"startup":false,"extensionId":{"value":"vscode.extension-editing","_lower":"vscode.extension-editing"},"activationEvent":"onLanguage:markdown"}
[2020-05-29 02:28:03.407] [exthost] [info] ExtensionService#loadCommonJSModule file:///snap/code/33/usr/share/code/resources/app/extensions/extension-editing/dist/extension
[2020-05-29 02:28:03.414] [exthost] [info] ExtensionService#_doActivateExtension vscode.markdown-language-features {"startup":false,"extensionId":{"value":"vscode.markdown-language-features","_lower":"vscode.markdown-language-features"},"activationEvent":"onLanguage:markdown"}
[2020-05-29 02:28:03.414] [exthost] [info] ExtensionService#loadCommonJSModule file:///snap/code/33/usr/share/code/resources/app/extensions/markdown-language-features/dist/extension
[2020-05-29 02:28:04.067] [exthost] [info] ExtensionService#_doActivateExtension vscode.configuration-editing {"startup":false,"extensionId":{"value":"vscode.configuration-editing","_lower":"vscode.configuration-editing"},"activationEvent":"onLanguage:json"}
[2020-05-29 02:28:04.067] [exthost] [info] ExtensionService#loadCommonJSModule file:///snap/code/33/usr/share/code/resources/app/extensions/configuration-editing/dist/extension
[2020-05-29 02:28:04.071] [exthost] [info] ExtensionService#_doActivateExtension vscode.json-language-features {"startup":false,"extensionId":{"value":"vscode.json-language-features","_lower":"vscode.json-language-features"},"activationEvent":"onLanguage:json"}
[2020-05-29 02:28:04.071] [exthost] [info] ExtensionService#loadCommonJSModule file:///snap/code/33/usr/share/code/resources/app/extensions/json-language-features/client/dist/jsonMain
[2020-05-29 02:28:04.099] [exthost] [info] ExtensionService#_doActivateExtension idleberg.wordpress-salts {"startup":false,"extensionId":{"value":"idleberg.wordpress-salts","_lower":"idleberg.wordpress-salts"},"activationEvent":"onLanguage:json"}
[2020-05-29 02:28:04.099] [exthost] [info] ExtensionService#loadCommonJSModule file:///home/garfi/.vscode/extensions/idleberg.wordpress-salts-1.0.0/lib/extension
[2020-05-29 02:28:04.617] [exthost] [info] ExtensionService#_doActivateExtension vscode.typescript-language-features {"startup":false,"extensionId":{"value":"vscode.typescript-language-features","_lower":"vscode.typescript-language-features"},"activationEvent":"onLanguage:jsonc"}
[2020-05-29 02:28:04.617] [exthost] [info] ExtensionService#loadCommonJSModule file:///snap/code/33/usr/share/code/resources/app/extensions/typescript-language-features/dist/extension
[2020-05-29 02:38:14.830] [exthost] [info] ExtensionService#_doActivateExtension foxundermoon.shell-format {"startup":false,"extensionId":{"value":"foxundermoon.shell-format","_lower":"foxundermoon.shell-format"},"activationEvent":"onLanguage:ignore"}
[2020-05-29 02:38:14.830] [exthost] [info] ExtensionService#loadCommonJSModule file:///home/garfi/.vscode/extensions/foxundermoon.shell-format-7.0.1/dist/extension
